


ARM Macro Assembler    Page 1 


    1 00000000         ;****************** main.s ***************
    2 00000000         ; Program initially written by: Yerraballi and Valvano
    3 00000000         ; Author: Place your name here
    4 00000000         ; Date Created: 1/15/2018 
    5 00000000         ; Last Modified: 1/18/2019 
    6 00000000         ; Brief description of the program: Spring 2019 Lab1
    7 00000000         ; The objective of this system is to implement odd-bit c
                       ounting system
    8 00000000         ; Hardware connections: 
    9 00000000         ;  Output is positive logic, 1 turns on the LED, 0 turns
                        off the LED
   10 00000000         ;  Inputs are negative logic, meaning switch not pressed
                        is 1, pressed is 0
   11 00000000         ;    PE0 is an input 
   12 00000000         ;    PE1 is an input 
   13 00000000         ;    PE2 is an input 
   14 00000000         ;    PE3 is the output
   15 00000000         ; Overall goal: 
   16 00000000         ;   Make the output 1 if there is an odd number of 1's a
                       t the inputs, 
   17 00000000         ;     otherwise make the output 0
   18 00000000         ; The specific operation of this system 
   19 00000000         ;   Initialize Port E to make PE0,PE1,PE2 inputs and PE3
                        an output
   20 00000000         ;   Over and over, read the inputs, calculate the result
                        and set the output
   21 00000000         
   22 00000000         ; NOTE: Do not use any conditional branches in your solu
                       tion. 
   23 00000000         ;       We want you to think of the solution in terms of
                        logical and shift operations
   24 00000000         
   25 00000000 400243FC 
                       GPIO_PORTE_DATA_R
                               EQU              0x400243FC
   26 00000000 40024400 
                       GPIO_PORTE_DIR_R
                               EQU              0x40024400
   27 00000000 4002451C 
                       GPIO_PORTE_DEN_R
                               EQU              0x4002451C
   28 00000000 400FE608 
                       SYSCTL_RCGCGPIO_R
                               EQU              0x400FE608
   29 00000000         
   30 00000000                 THUMB
   31 00000000                 AREA             DATA, ALIGN=2
   32 00000000         ;global variables go here
   33 00000000                 ALIGN
   34 00000000                 AREA             |.text|, CODE, READONLY, ALIGN=
2
   35 00000000                 EXPORT           Start
   36 00000000         Start
   37 00000000 4919            LDR              R1, =SYSCTL_RCGCGPIO_R
   38 00000002 6808            LDR              R0, [R1]    ;takes the content 
                                                            of R1
   39 00000004 F040 0010       ORR              R0, #0x10   ;taking whatever is
                                                             in R0 and ORing it
                                                             with a one will al



ARM Macro Assembler    Page 2 


                                                            ways make it a one
   40 00000008 6008            STR              R0, [R1]
   41 0000000A         
   42 0000000A BF00            NOP                          ;waiting for the cl
                                                            ock
   43 0000000C BF00            NOP
   44 0000000E BF00            NOP
   45 00000010 BF00            NOP
   46 00000012         
   47 00000012 4916            LDR              R1, =GPIO_PORTE_DIR_R ;set dire
                                                            ction of the ports 
                                                            as input or outputs
                                                            
   48 00000014 6808            LDR              R0, [R1]
   49 00000016 F000 00F8       AND              R0, #0xF8
   50 0000001A F040 0008       ORR              R0, #0x08
   51 0000001E         ;ORR R0, #0x08 ;sets output port
   52 0000001E         ;AND R0, #0xF8;preserving the rest of bits so they aren'
                       t touched
   53 0000001E 6008            STR              R0, [R1]
   54 00000020         
   55 00000020 4913            LDR              R1, =GPIO_PORTE_DEN_R ;set digi
                                                            tal enabler
   56 00000022 6808            LDR              R0, [R1]
   57 00000024 F040 000F       ORR              R0, #0xF    ;enables the first 
                                                            4 pins we are using
                                                            
   58 00000028 6008            STR              R0, [R1]
   59 0000002A         
   60 0000002A         loop
   61 0000002A 4812            LDR              R0, =GPIO_PORTE_DATA_R
   62 0000002C 6801            LDR              R1, [R0]
   63 0000002E         
   64 0000002E F002 0200       AND              R2, #0x0    ;clearing registers
                                                            
   65 00000032 F003 0300       AND              R3, #0x0
   66 00000036 F004 0400       AND              R4, #0x0
   67 0000003A F005 0500       AND              R5, #0x0
   68 0000003E         
   69 0000003E F001 0107       AND              R1, #0x07   ;isolate the input 
                                                            port bits
   70 00000042 F001 0201       AND              R2, R1, #0x01 ;isolates the inp
                                                            ut port 1 bits
   71 00000046 F001 0302       AND              R3, R1, #0x02
   72 0000004A F001 0404       AND              R4, R1, #0x04
   73 0000004E         
   74 0000004E EA4F 0353       LSR              R3, #1      ;shifts isolated pi
                                                            ns into the same co
                                                            lumn
   75 00000052 EA4F 0494       LSR              R4, #2
   76 00000056         
   77 00000056 EA82 0503       EOR              R5, R2, R3  ; eor the bits in p
                                                            ort 0 & port 1
   78 0000005A EA85 0504       EOR              R5, R5, R4  ; if the number in 
                                                            R5 becomes 0 LED st
                                                            ays off and if it b
                                                            ecomes 1 LED is on
   79 0000005E         
   80 0000005E EA4F 05C5       LSL              R5, #3      ;shifts the 1 or 0 



ARM Macro Assembler    Page 3 


                                                            into pin 3
   81 00000062 6005            STR              R5, [R0]
   82 00000064         
   83 00000064 E7E1            B                loop
   84 00000066         
   85 00000066 00 00           ALIGN                        ; make sure the end
                                                             of this section is
                                                             aligned
   86 00000068                 END                          ; end of file
              400FE608 
              40024400 
              4002451C 
              400243FC 
Command Line: --debug --xref --diag_suppress=9931 --cpu=Cortex-M4 --apcs=interw
ork --depend=.\main.d -o.\main.o -I.\RTE\_Lab1 -IC:\Keil_v5\ARM\PACK\ARM\CMSIS\
5.4.0\CMSIS\Core\Include -IC:\Keil_v5\ARM\PACK\Keil\TM4C_DFP\1.1.0\Device\Inclu
de\TM4C123 --predefine="__EVAL SETA 1" --predefine="__UVISION_VERSION SETA 526"
 --predefine="_RTE_ SETA 1" --predefine="TM4C123GH6PM SETA 1" --list=.\main.lst
 main.s



ARM Macro Assembler    Page 1 Alphabetic symbol ordering
Relocatable symbols

DATA 00000000

Symbol: DATA
   Definitions
      At line 31 in file main.s
   Uses
      None
Comment: DATA unused
1 symbol



ARM Macro Assembler    Page 1 Alphabetic symbol ordering
Relocatable symbols

.text 00000000

Symbol: .text
   Definitions
      At line 34 in file main.s
   Uses
      None
Comment: .text unused
Start 00000000

Symbol: Start
   Definitions
      At line 36 in file main.s
   Uses
      At line 35 in file main.s
Comment: Start used once
loop 0000002A

Symbol: loop
   Definitions
      At line 60 in file main.s
   Uses
      At line 83 in file main.s
Comment: loop used once
3 symbols



ARM Macro Assembler    Page 1 Alphabetic symbol ordering
Absolute symbols

GPIO_PORTE_DATA_R 400243FC

Symbol: GPIO_PORTE_DATA_R
   Definitions
      At line 25 in file main.s
   Uses
      At line 61 in file main.s
Comment: GPIO_PORTE_DATA_R used once
GPIO_PORTE_DEN_R 4002451C

Symbol: GPIO_PORTE_DEN_R
   Definitions
      At line 27 in file main.s
   Uses
      At line 55 in file main.s
Comment: GPIO_PORTE_DEN_R used once
GPIO_PORTE_DIR_R 40024400

Symbol: GPIO_PORTE_DIR_R
   Definitions
      At line 26 in file main.s
   Uses
      At line 47 in file main.s
Comment: GPIO_PORTE_DIR_R used once
SYSCTL_RCGCGPIO_R 400FE608

Symbol: SYSCTL_RCGCGPIO_R
   Definitions
      At line 28 in file main.s
   Uses
      At line 37 in file main.s
Comment: SYSCTL_RCGCGPIO_R used once
4 symbols
344 symbols in table
